[2019-10-17 12:25:42.661] [renderer1] [error] <semantic> TypeScript Server Error (3.6.2)
Debug Failure.
Error: Debug Failure.
    at Object.assertDefined (tsserver.js:2101:24)
    at getRangeToExtract (tsserver.js:122796:43)
    at Object.getAvailableActions (tsserver.js:122760:28)
    at tsserver.js:115823:128
    at getIterator (tsserver.js:637:23)
    at Object.next (tsserver.js:632:35)
    at Object.arrayFrom (tsserver.js:1276:88)
    at Object.getApplicableRefactors (tsserver.js:115822:23)
    at Object.getApplicableRefactors (tsserver.js:126023:32)
    at IOSession.Session.getApplicableRefactors (tsserver.js:134935:53)
    at Session.handlers.ts.createMapFromTemplate._a.(anonymous function) (tsserver.js:133790:61)
    at tsserver.js:135178:88
    at IOSession.Session.executeWithRequestId (tsserver.js:135169:28)
    at IOSession.Session.executeCommand (tsserver.js:135178:33)
    at IOSession.Session.onMessage (tsserver.js:135201:35)
    at Interface.<anonymous> (tsserver.js:136516:27)
    at Interface.emit (events.js:182:13)
    at Interface._onLine (readline.js:290:10)
    at Interface._normalWrite (readline.js:433:12)
    at Socket.ondata (readline.js:149:10)
    at Socket.emit (events.js:182:13)
    at addChunk (_stream_readable.js:283:12)
    at readableAddChunk (_stream_readable.js:264:11)
    at Socket.Readable.push (_stream_readable.js:219:10)
    at Pipe.onStreamRead [as onread] (internal/stream_base_commons.js:94:17): Error: <semantic> TypeScript Server Error (3.6.2)
Debug Failure.
Error: Debug Failure.
    at Object.assertDefined (tsserver.js:2101:24)
    at getRangeToExtract (tsserver.js:122796:43)
    at Object.getAvailableActions (tsserver.js:122760:28)
    at tsserver.js:115823:128
    at getIterator (tsserver.js:637:23)
    at Object.next (tsserver.js:632:35)
    at Object.arrayFrom (tsserver.js:1276:88)
    at Object.getApplicableRefactors (tsserver.js:115822:23)
    at Object.getApplicableRefactors (tsserver.js:126023:32)
    at IOSession.Session.getApplicableRefactors (tsserver.js:134935:53)
    at Session.handlers.ts.createMapFromTemplate._a.(anonymous function) (tsserver.js:133790:61)
    at tsserver.js:135178:88
    at IOSession.Session.executeWithRequestId (tsserver.js:135169:28)
    at IOSession.Session.executeCommand (tsserver.js:135178:33)
    at IOSession.Session.onMessage (tsserver.js:135201:35)
    at Interface.<anonymous> (tsserver.js:136516:27)
    at Interface.emit (events.js:182:13)
    at Interface._onLine (readline.js:290:10)
    at Interface._normalWrite (readline.js:433:12)
    at Socket.ondata (readline.js:149:10)
    at Socket.emit (events.js:182:13)
    at addChunk (_stream_readable.js:283:12)
    at readableAddChunk (_stream_readable.js:264:11)
    at Socket.Readable.push (_stream_readable.js:219:10)
    at Pipe.onStreamRead [as onread] (internal/stream_base_commons.js:94:17)
	at Function.create (/usr/share/code/resources/app/extensions/typescript-language-features/dist/extension.js:53:63463)
	at h.dispatchResponse (/usr/share/code/resources/app/extensions/typescript-language-features/dist/extension.js:53:56618)
	at h.dispatchMessage (/usr/share/code/resources/app/extensions/typescript-language-features/dist/extension.js:53:55516)
	at constructor._reader.onData.e (/usr/share/code/resources/app/extensions/typescript-language-features/dist/extension.js:53:54992)
	at u.fire (/usr/share/code/resources/app/out/vs/workbench/services/extensions/node/extensionHostProcess.js:50:207)
	at t.Reader.onLengthData (/usr/share/code/resources/app/extensions/typescript-language-features/dist/extension.js:53:61683)
	at Socket.t.Reader.constructor.e.on.e (/usr/share/code/resources/app/extensions/typescript-language-features/dist/extension.js:53:61331)
	at Socket.emit (events.js:182:13)
	at addChunk (_stream_readable.js:283:12)
	at readableAddChunk (_stream_readable.js:264:11)
	at Socket.Readable.push (_stream_readable.js:219:10)
	at Pipe.onStreamRead [as onread] (internal/stream_base_commons.js:94:17)
[2019-10-17 12:26:05.102] [renderer1] [error] <semantic> TypeScript Server Error (3.6.2)
Debug Failure.
Error: Debug Failure.
    at Object.assertDefined (tsserver.js:2101:24)
    at getRangeToExtract (tsserver.js:122796:43)
    at Object.getAvailableActions (tsserver.js:122760:28)
    at tsserver.js:115823:128
    at getIterator (tsserver.js:637:23)
    at Object.next (tsserver.js:632:35)
    at Object.arrayFrom (tsserver.js:1276:88)
    at Object.getApplicableRefactors (tsserver.js:115822:23)
    at Object.getApplicableRefactors (tsserver.js:126023:32)
    at IOSession.Session.getApplicableRefactors (tsserver.js:134935:53)
    at Session.handlers.ts.createMapFromTemplate._a.(anonymous function) (tsserver.js:133790:61)
    at tsserver.js:135178:88
    at IOSession.Session.executeWithRequestId (tsserver.js:135169:28)
    at IOSession.Session.executeCommand (tsserver.js:135178:33)
    at IOSession.Session.onMessage (tsserver.js:135201:35)
    at Interface.<anonymous> (tsserver.js:136516:27)
    at Interface.emit (events.js:182:13)
    at Interface._onLine (readline.js:290:10)
    at Interface._normalWrite (readline.js:433:12)
    at Socket.ondata (readline.js:149:10)
    at Socket.emit (events.js:182:13)
    at addChunk (_stream_readable.js:283:12)
    at readableAddChunk (_stream_readable.js:264:11)
    at Socket.Readable.push (_stream_readable.js:219:10)
    at Pipe.onStreamRead [as onread] (internal/stream_base_commons.js:94:17): Error: <semantic> TypeScript Server Error (3.6.2)
Debug Failure.
Error: Debug Failure.
    at Object.assertDefined (tsserver.js:2101:24)
    at getRangeToExtract (tsserver.js:122796:43)
    at Object.getAvailableActions (tsserver.js:122760:28)
    at tsserver.js:115823:128
    at getIterator (tsserver.js:637:23)
    at Object.next (tsserver.js:632:35)
    at Object.arrayFrom (tsserver.js:1276:88)
    at Object.getApplicableRefactors (tsserver.js:115822:23)
    at Object.getApplicableRefactors (tsserver.js:126023:32)
    at IOSession.Session.getApplicableRefactors (tsserver.js:134935:53)
    at Session.handlers.ts.createMapFromTemplate._a.(anonymous function) (tsserver.js:133790:61)
    at tsserver.js:135178:88
    at IOSession.Session.executeWithRequestId (tsserver.js:135169:28)
    at IOSession.Session.executeCommand (tsserver.js:135178:33)
    at IOSession.Session.onMessage (tsserver.js:135201:35)
    at Interface.<anonymous> (tsserver.js:136516:27)
    at Interface.emit (events.js:182:13)
    at Interface._onLine (readline.js:290:10)
    at Interface._normalWrite (readline.js:433:12)
    at Socket.ondata (readline.js:149:10)
    at Socket.emit (events.js:182:13)
    at addChunk (_stream_readable.js:283:12)
    at readableAddChunk (_stream_readable.js:264:11)
    at Socket.Readable.push (_stream_readable.js:219:10)
    at Pipe.onStreamRead [as onread] (internal/stream_base_commons.js:94:17)
	at Function.create (/usr/share/code/resources/app/extensions/typescript-language-features/dist/extension.js:53:63463)
	at h.dispatchResponse (/usr/share/code/resources/app/extensions/typescript-language-features/dist/extension.js:53:56618)
	at h.dispatchMessage (/usr/share/code/resources/app/extensions/typescript-language-features/dist/extension.js:53:55516)
	at constructor._reader.onData.e (/usr/share/code/resources/app/extensions/typescript-language-features/dist/extension.js:53:54992)
	at u.fire (/usr/share/code/resources/app/out/vs/workbench/services/extensions/node/extensionHostProcess.js:50:207)
	at t.Reader.onLengthData (/usr/share/code/resources/app/extensions/typescript-language-features/dist/extension.js:53:61683)
	at Socket.t.Reader.constructor.e.on.e (/usr/share/code/resources/app/extensions/typescript-language-features/dist/extension.js:53:61331)
	at Socket.emit (events.js:182:13)
	at addChunk (_stream_readable.js:283:12)
	at readableAddChunk (_stream_readable.js:264:11)
	at Socket.Readable.push (_stream_readable.js:219:10)
	at Pipe.onStreamRead [as onread] (internal/stream_base_commons.js:94:17)
[2019-10-17 17:02:15.752] [renderer1] [error] Tree element not found: [object Object]: Error: Tree element not found: [object Object]
    at s.getElementLocation (file:///usr/share/code/resources/app/out/vs/workbench/workbench.desktop.main.js:124:791)
    at s.isCollapsed (file:///usr/share/code/resources/app/out/vs/workbench/workbench.desktop.main.js:124:65)
    at q.isCollapsed (file:///usr/share/code/resources/app/out/vs/workbench/workbench.desktop.main.js:1009:19)
    at W.revealMarkersForCurrentActiveEditor (file:///usr/share/code/resources/app/out/vs/workbench/workbench.desktop.main.js:5714:628)
    at W.autoReveal (file:///usr/share/code/resources/app/out/vs/workbench/workbench.desktop.main.js:5714:485)
    at W.onActiveEditorChanged (file:///usr/share/code/resources/app/out/vs/workbench/workbench.desktop.main.js:5711:775)
    at W._register.e (file:///usr/share/code/resources/app/out/vs/workbench/workbench.desktop.main.js:5710:789)
    at d.fire (file:///usr/share/code/resources/app/out/vs/workbench/workbench.desktop.main.js:107:488)
    at setTimeout (file:///usr/share/code/resources/app/out/vs/workbench/workbench.desktop.main.js:103:913)
[2019-10-17 17:08:15.927] [renderer1] [error] <semantic> TypeScript Server Error (3.6.2)
Debug Failure.
Error: Debug Failure.
    at Object.assertDefined (tsserver.js:2101:24)
    at getRangeToExtract (tsserver.js:122796:43)
    at Object.getAvailableActions (tsserver.js:122760:28)
    at tsserver.js:115823:128
    at getIterator (tsserver.js:637:23)
    at Object.next (tsserver.js:632:35)
    at Object.arrayFrom (tsserver.js:1276:88)
    at Object.getApplicableRefactors (tsserver.js:115822:23)
    at Object.getApplicableRefactors (tsserver.js:126023:32)
    at IOSession.Session.getApplicableRefactors (tsserver.js:134935:53)
    at Session.handlers.ts.createMapFromTemplate._a.(anonymous function) (tsserver.js:133790:61)
    at tsserver.js:135178:88
    at IOSession.Session.executeWithRequestId (tsserver.js:135169:28)
    at IOSession.Session.executeCommand (tsserver.js:135178:33)
    at IOSession.Session.onMessage (tsserver.js:135201:35)
    at Interface.<anonymous> (tsserver.js:136516:27)
    at Interface.emit (events.js:182:13)
    at Interface._onLine (readline.js:290:10)
    at Interface._normalWrite (readline.js:433:12)
    at Socket.ondata (readline.js:149:10)
    at Socket.emit (events.js:182:13)
    at addChunk (_stream_readable.js:283:12)
    at readableAddChunk (_stream_readable.js:264:11)
    at Socket.Readable.push (_stream_readable.js:219:10)
    at Pipe.onStreamRead [as onread] (internal/stream_base_commons.js:94:17): Error: <semantic> TypeScript Server Error (3.6.2)
Debug Failure.
Error: Debug Failure.
    at Object.assertDefined (tsserver.js:2101:24)
    at getRangeToExtract (tsserver.js:122796:43)
    at Object.getAvailableActions (tsserver.js:122760:28)
    at tsserver.js:115823:128
    at getIterator (tsserver.js:637:23)
    at Object.next (tsserver.js:632:35)
    at Object.arrayFrom (tsserver.js:1276:88)
    at Object.getApplicableRefactors (tsserver.js:115822:23)
    at Object.getApplicableRefactors (tsserver.js:126023:32)
    at IOSession.Session.getApplicableRefactors (tsserver.js:134935:53)
    at Session.handlers.ts.createMapFromTemplate._a.(anonymous function) (tsserver.js:133790:61)
    at tsserver.js:135178:88
    at IOSession.Session.executeWithRequestId (tsserver.js:135169:28)
    at IOSession.Session.executeCommand (tsserver.js:135178:33)
    at IOSession.Session.onMessage (tsserver.js:135201:35)
    at Interface.<anonymous> (tsserver.js:136516:27)
    at Interface.emit (events.js:182:13)
    at Interface._onLine (readline.js:290:10)
    at Interface._normalWrite (readline.js:433:12)
    at Socket.ondata (readline.js:149:10)
    at Socket.emit (events.js:182:13)
    at addChunk (_stream_readable.js:283:12)
    at readableAddChunk (_stream_readable.js:264:11)
    at Socket.Readable.push (_stream_readable.js:219:10)
    at Pipe.onStreamRead [as onread] (internal/stream_base_commons.js:94:17)
	at Function.create (/usr/share/code/resources/app/extensions/typescript-language-features/dist/extension.js:53:63463)
	at h.dispatchResponse (/usr/share/code/resources/app/extensions/typescript-language-features/dist/extension.js:53:56618)
	at h.dispatchMessage (/usr/share/code/resources/app/extensions/typescript-language-features/dist/extension.js:53:55516)
	at constructor._reader.onData.e (/usr/share/code/resources/app/extensions/typescript-language-features/dist/extension.js:53:54992)
	at u.fire (/usr/share/code/resources/app/out/vs/workbench/services/extensions/node/extensionHostProcess.js:50:207)
	at t.Reader.onLengthData (/usr/share/code/resources/app/extensions/typescript-language-features/dist/extension.js:53:61683)
	at Socket.t.Reader.constructor.e.on.e (/usr/share/code/resources/app/extensions/typescript-language-features/dist/extension.js:53:61331)
	at Socket.emit (events.js:182:13)
	at addChunk (_stream_readable.js:283:12)
	at readableAddChunk (_stream_readable.js:264:11)
	at Socket.Readable.push (_stream_readable.js:219:10)
	at Pipe.onStreamRead [as onread] (internal/stream_base_commons.js:94:17)
[2019-10-17 17:08:47.263] [renderer1] [error] Tree element not found: [object Object]: Error: Tree element not found: [object Object]
    at s.getElementLocation (file:///usr/share/code/resources/app/out/vs/workbench/workbench.desktop.main.js:124:791)
    at s.isCollapsed (file:///usr/share/code/resources/app/out/vs/workbench/workbench.desktop.main.js:124:65)
    at q.isCollapsed (file:///usr/share/code/resources/app/out/vs/workbench/workbench.desktop.main.js:1009:19)
    at W.revealMarkersForCurrentActiveEditor (file:///usr/share/code/resources/app/out/vs/workbench/workbench.desktop.main.js:5714:628)
    at W.autoReveal (file:///usr/share/code/resources/app/out/vs/workbench/workbench.desktop.main.js:5714:485)
    at W.onActiveEditorChanged (file:///usr/share/code/resources/app/out/vs/workbench/workbench.desktop.main.js:5711:775)
    at W._register.e (file:///usr/share/code/resources/app/out/vs/workbench/workbench.desktop.main.js:5710:789)
    at d.fire (file:///usr/share/code/resources/app/out/vs/workbench/workbench.desktop.main.js:107:488)
    at setTimeout (file:///usr/share/code/resources/app/out/vs/workbench/workbench.desktop.main.js:103:913)
[2019-10-18 10:47:39.124] [renderer1] [error] Tree element not found: [object Object]: Error: Tree element not found: [object Object]
    at s.getElementLocation (file:///usr/share/code/resources/app/out/vs/workbench/workbench.desktop.main.js:124:791)
    at s.isCollapsed (file:///usr/share/code/resources/app/out/vs/workbench/workbench.desktop.main.js:124:65)
    at q.isCollapsed (file:///usr/share/code/resources/app/out/vs/workbench/workbench.desktop.main.js:1009:19)
    at W.revealMarkersForCurrentActiveEditor (file:///usr/share/code/resources/app/out/vs/workbench/workbench.desktop.main.js:5714:628)
    at W.autoReveal (file:///usr/share/code/resources/app/out/vs/workbench/workbench.desktop.main.js:5714:485)
    at W.onActiveEditorChanged (file:///usr/share/code/resources/app/out/vs/workbench/workbench.desktop.main.js:5711:775)
    at W._register.e (file:///usr/share/code/resources/app/out/vs/workbench/workbench.desktop.main.js:5710:789)
    at d.fire (file:///usr/share/code/resources/app/out/vs/workbench/workbench.desktop.main.js:107:488)
    at setTimeout (file:///usr/share/code/resources/app/out/vs/workbench/workbench.desktop.main.js:103:913)
[2019-10-18 10:47:45.005] [renderer1] [error] Tree element not found: [object Object]: Error: Tree element not found: [object Object]
    at s.getElementLocation (file:///usr/share/code/resources/app/out/vs/workbench/workbench.desktop.main.js:124:791)
    at s.isCollapsed (file:///usr/share/code/resources/app/out/vs/workbench/workbench.desktop.main.js:124:65)
    at q.isCollapsed (file:///usr/share/code/resources/app/out/vs/workbench/workbench.desktop.main.js:1009:19)
    at W.revealMarkersForCurrentActiveEditor (file:///usr/share/code/resources/app/out/vs/workbench/workbench.desktop.main.js:5714:628)
    at W.autoReveal (file:///usr/share/code/resources/app/out/vs/workbench/workbench.desktop.main.js:5714:485)
    at W.onActiveEditorChanged (file:///usr/share/code/resources/app/out/vs/workbench/workbench.desktop.main.js:5711:775)
    at W._register.e (file:///usr/share/code/resources/app/out/vs/workbench/workbench.desktop.main.js:5710:789)
    at d.fire (file:///usr/share/code/resources/app/out/vs/workbench/workbench.desktop.main.js:107:488)
    at setTimeout (file:///usr/share/code/resources/app/out/vs/workbench/workbench.desktop.main.js:103:913)
[2019-10-18 10:48:00.335] [renderer1] [error] Tree element not found: [object Object]: Error: Tree element not found: [object Object]
    at s.getElementLocation (file:///usr/share/code/resources/app/out/vs/workbench/workbench.desktop.main.js:124:791)
    at s.isCollapsed (file:///usr/share/code/resources/app/out/vs/workbench/workbench.desktop.main.js:124:65)
    at q.isCollapsed (file:///usr/share/code/resources/app/out/vs/workbench/workbench.desktop.main.js:1009:19)
    at W.revealMarkersForCurrentActiveEditor (file:///usr/share/code/resources/app/out/vs/workbench/workbench.desktop.main.js:5714:628)
    at W.autoReveal (file:///usr/share/code/resources/app/out/vs/workbench/workbench.desktop.main.js:5714:485)
    at W.onActiveEditorChanged (file:///usr/share/code/resources/app/out/vs/workbench/workbench.desktop.main.js:5711:775)
    at W._register.e (file:///usr/share/code/resources/app/out/vs/workbench/workbench.desktop.main.js:5710:789)
    at d.fire (file:///usr/share/code/resources/app/out/vs/workbench/workbench.desktop.main.js:107:488)
    at setTimeout (file:///usr/share/code/resources/app/out/vs/workbench/workbench.desktop.main.js:103:913)
[2019-10-18 10:48:11.068] [renderer1] [error] Tree element not found: [object Object]: Error: Tree element not found: [object Object]
    at s.getElementLocation (file:///usr/share/code/resources/app/out/vs/workbench/workbench.desktop.main.js:124:791)
    at s.isCollapsed (file:///usr/share/code/resources/app/out/vs/workbench/workbench.desktop.main.js:124:65)
    at q.isCollapsed (file:///usr/share/code/resources/app/out/vs/workbench/workbench.desktop.main.js:1009:19)
    at W.revealMarkersForCurrentActiveEditor (file:///usr/share/code/resources/app/out/vs/workbench/workbench.desktop.main.js:5714:628)
    at W.autoReveal (file:///usr/share/code/resources/app/out/vs/workbench/workbench.desktop.main.js:5714:485)
    at W.onActiveEditorChanged (file:///usr/share/code/resources/app/out/vs/workbench/workbench.desktop.main.js:5711:775)
    at W._register.e (file:///usr/share/code/resources/app/out/vs/workbench/workbench.desktop.main.js:5710:789)
    at d.fire (file:///usr/share/code/resources/app/out/vs/workbench/workbench.desktop.main.js:107:488)
    at setTimeout (file:///usr/share/code/resources/app/out/vs/workbench/workbench.desktop.main.js:103:913)
[2019-10-18 10:48:35.933] [renderer1] [error] Tree element not found: [object Object]: Error: Tree element not found: [object Object]
    at s.getElementLocation (file:///usr/share/code/resources/app/out/vs/workbench/workbench.desktop.main.js:124:791)
    at s.isCollapsed (file:///usr/share/code/resources/app/out/vs/workbench/workbench.desktop.main.js:124:65)
    at q.isCollapsed (file:///usr/share/code/resources/app/out/vs/workbench/workbench.desktop.main.js:1009:19)
    at W.revealMarkersForCurrentActiveEditor (file:///usr/share/code/resources/app/out/vs/workbench/workbench.desktop.main.js:5714:628)
    at W.autoReveal (file:///usr/share/code/resources/app/out/vs/workbench/workbench.desktop.main.js:5714:485)
    at W.onActiveEditorChanged (file:///usr/share/code/resources/app/out/vs/workbench/workbench.desktop.main.js:5711:775)
    at W._register.e (file:///usr/share/code/resources/app/out/vs/workbench/workbench.desktop.main.js:5710:789)
    at d.fire (file:///usr/share/code/resources/app/out/vs/workbench/workbench.desktop.main.js:107:488)
    at setTimeout (file:///usr/share/code/resources/app/out/vs/workbench/workbench.desktop.main.js:103:913)
[2019-10-18 10:48:44.255] [renderer1] [error] Tree element not found: [object Object]: Error: Tree element not found: [object Object]
    at s.getElementLocation (file:///usr/share/code/resources/app/out/vs/workbench/workbench.desktop.main.js:124:791)
    at s.isCollapsed (file:///usr/share/code/resources/app/out/vs/workbench/workbench.desktop.main.js:124:65)
    at q.isCollapsed (file:///usr/share/code/resources/app/out/vs/workbench/workbench.desktop.main.js:1009:19)
    at W.revealMarkersForCurrentActiveEditor (file:///usr/share/code/resources/app/out/vs/workbench/workbench.desktop.main.js:5714:628)
    at W.autoReveal (file:///usr/share/code/resources/app/out/vs/workbench/workbench.desktop.main.js:5714:485)
    at W.onActiveEditorChanged (file:///usr/share/code/resources/app/out/vs/workbench/workbench.desktop.main.js:5711:775)
    at W._register.e (file:///usr/share/code/resources/app/out/vs/workbench/workbench.desktop.main.js:5710:789)
    at d.fire (file:///usr/share/code/resources/app/out/vs/workbench/workbench.desktop.main.js:107:488)
    at setTimeout (file:///usr/share/code/resources/app/out/vs/workbench/workbench.desktop.main.js:103:913)
[2019-10-18 11:37:23.117] [renderer1] [error] Tree element not found: [object Object]: Error: Tree element not found: [object Object]
    at s.getElementLocation (file:///usr/share/code/resources/app/out/vs/workbench/workbench.desktop.main.js:124:791)
    at s.isCollapsed (file:///usr/share/code/resources/app/out/vs/workbench/workbench.desktop.main.js:124:65)
    at q.isCollapsed (file:///usr/share/code/resources/app/out/vs/workbench/workbench.desktop.main.js:1009:19)
    at W.revealMarkersForCurrentActiveEditor (file:///usr/share/code/resources/app/out/vs/workbench/workbench.desktop.main.js:5714:628)
    at W.autoReveal (file:///usr/share/code/resources/app/out/vs/workbench/workbench.desktop.main.js:5714:485)
    at W.onActiveEditorChanged (file:///usr/share/code/resources/app/out/vs/workbench/workbench.desktop.main.js:5711:775)
    at W._register.e (file:///usr/share/code/resources/app/out/vs/workbench/workbench.desktop.main.js:5710:789)
    at d.fire (file:///usr/share/code/resources/app/out/vs/workbench/workbench.desktop.main.js:107:488)
    at setTimeout (file:///usr/share/code/resources/app/out/vs/workbench/workbench.desktop.main.js:103:913)
[2019-10-18 14:34:39.589] [renderer1] [error] <semantic> TypeScript Server Error (3.6.2)
Debug Failure.
Error: Debug Failure.
    at Object.assertDefined (tsserver.js:2101:24)
    at getRangeToExtract (tsserver.js:122796:43)
    at Object.getAvailableActions (tsserver.js:122760:28)
    at tsserver.js:115823:128
    at getIterator (tsserver.js:637:23)
    at Object.next (tsserver.js:632:35)
    at Object.arrayFrom (tsserver.js:1276:88)
    at Object.getApplicableRefactors (tsserver.js:115822:23)
    at Object.getApplicableRefactors (tsserver.js:126023:32)
    at IOSession.Session.getApplicableRefactors (tsserver.js:134935:53)
    at Session.handlers.ts.createMapFromTemplate._a.(anonymous function) (tsserver.js:133790:61)
    at tsserver.js:135178:88
    at IOSession.Session.executeWithRequestId (tsserver.js:135169:28)
    at IOSession.Session.executeCommand (tsserver.js:135178:33)
    at IOSession.Session.onMessage (tsserver.js:135201:35)
    at Interface.<anonymous> (tsserver.js:136516:27)
    at Interface.emit (events.js:182:13)
    at Interface._onLine (readline.js:290:10)
    at Interface._normalWrite (readline.js:433:12)
    at Socket.ondata (readline.js:149:10)
    at Socket.emit (events.js:182:13)
    at addChunk (_stream_readable.js:283:12)
    at readableAddChunk (_stream_readable.js:264:11)
    at Socket.Readable.push (_stream_readable.js:219:10)
    at Pipe.onStreamRead [as onread] (internal/stream_base_commons.js:94:17): Error: <semantic> TypeScript Server Error (3.6.2)
Debug Failure.
Error: Debug Failure.
    at Object.assertDefined (tsserver.js:2101:24)
    at getRangeToExtract (tsserver.js:122796:43)
    at Object.getAvailableActions (tsserver.js:122760:28)
    at tsserver.js:115823:128
    at getIterator (tsserver.js:637:23)
    at Object.next (tsserver.js:632:35)
    at Object.arrayFrom (tsserver.js:1276:88)
    at Object.getApplicableRefactors (tsserver.js:115822:23)
    at Object.getApplicableRefactors (tsserver.js:126023:32)
    at IOSession.Session.getApplicableRefactors (tsserver.js:134935:53)
    at Session.handlers.ts.createMapFromTemplate._a.(anonymous function) (tsserver.js:133790:61)
    at tsserver.js:135178:88
    at IOSession.Session.executeWithRequestId (tsserver.js:135169:28)
    at IOSession.Session.executeCommand (tsserver.js:135178:33)
    at IOSession.Session.onMessage (tsserver.js:135201:35)
    at Interface.<anonymous> (tsserver.js:136516:27)
    at Interface.emit (events.js:182:13)
    at Interface._onLine (readline.js:290:10)
    at Interface._normalWrite (readline.js:433:12)
    at Socket.ondata (readline.js:149:10)
    at Socket.emit (events.js:182:13)
    at addChunk (_stream_readable.js:283:12)
    at readableAddChunk (_stream_readable.js:264:11)
    at Socket.Readable.push (_stream_readable.js:219:10)
    at Pipe.onStreamRead [as onread] (internal/stream_base_commons.js:94:17)
	at Function.create (/usr/share/code/resources/app/extensions/typescript-language-features/dist/extension.js:53:63463)
	at h.dispatchResponse (/usr/share/code/resources/app/extensions/typescript-language-features/dist/extension.js:53:56618)
	at h.dispatchMessage (/usr/share/code/resources/app/extensions/typescript-language-features/dist/extension.js:53:55516)
	at constructor._reader.onData.e (/usr/share/code/resources/app/extensions/typescript-language-features/dist/extension.js:53:54992)
	at u.fire (/usr/share/code/resources/app/out/vs/workbench/services/extensions/node/extensionHostProcess.js:50:207)
	at t.Reader.onLengthData (/usr/share/code/resources/app/extensions/typescript-language-features/dist/extension.js:53:61683)
	at Socket.t.Reader.constructor.e.on.e (/usr/share/code/resources/app/extensions/typescript-language-features/dist/extension.js:53:61331)
	at Socket.emit (events.js:182:13)
	at addChunk (_stream_readable.js:283:12)
	at readableAddChunk (_stream_readable.js:264:11)
	at Socket.Readable.push (_stream_readable.js:219:10)
	at Pipe.onStreamRead [as onread] (internal/stream_base_commons.js:94:17)
[2019-10-18 17:41:38.972] [renderer1] [error] Tree element not found: [object Object]: Error: Tree element not found: [object Object]
    at s.getElementLocation (file:///usr/share/code/resources/app/out/vs/workbench/workbench.desktop.main.js:124:791)
    at s.isCollapsed (file:///usr/share/code/resources/app/out/vs/workbench/workbench.desktop.main.js:124:65)
    at q.isCollapsed (file:///usr/share/code/resources/app/out/vs/workbench/workbench.desktop.main.js:1009:19)
    at W.revealMarkersForCurrentActiveEditor (file:///usr/share/code/resources/app/out/vs/workbench/workbench.desktop.main.js:5714:628)
    at W.autoReveal (file:///usr/share/code/resources/app/out/vs/workbench/workbench.desktop.main.js:5714:485)
    at W.onActiveEditorChanged (file:///usr/share/code/resources/app/out/vs/workbench/workbench.desktop.main.js:5711:775)
    at W._register.e (file:///usr/share/code/resources/app/out/vs/workbench/workbench.desktop.main.js:5710:789)
    at d.fire (file:///usr/share/code/resources/app/out/vs/workbench/workbench.desktop.main.js:107:488)
    at setTimeout (file:///usr/share/code/resources/app/out/vs/workbench/workbench.desktop.main.js:103:913)
[2019-10-18 17:43:35.138] [renderer1] [error] Tree element not found: [object Object]: Error: Tree element not found: [object Object]
    at s.getElementLocation (file:///usr/share/code/resources/app/out/vs/workbench/workbench.desktop.main.js:124:791)
    at s.isCollapsed (file:///usr/share/code/resources/app/out/vs/workbench/workbench.desktop.main.js:124:65)
    at q.isCollapsed (file:///usr/share/code/resources/app/out/vs/workbench/workbench.desktop.main.js:1009:19)
    at W.revealMarkersForCurrentActiveEditor (file:///usr/share/code/resources/app/out/vs/workbench/workbench.desktop.main.js:5714:628)
    at W.autoReveal (file:///usr/share/code/resources/app/out/vs/workbench/workbench.desktop.main.js:5714:485)
    at W.onActiveEditorChanged (file:///usr/share/code/resources/app/out/vs/workbench/workbench.desktop.main.js:5711:775)
    at W._register.e (file:///usr/share/code/resources/app/out/vs/workbench/workbench.desktop.main.js:5710:789)
    at d.fire (file:///usr/share/code/resources/app/out/vs/workbench/workbench.desktop.main.js:107:488)
    at setTimeout (file:///usr/share/code/resources/app/out/vs/workbench/workbench.desktop.main.js:103:913)
[2019-10-18 17:44:06.421] [renderer1] [error] Tree element not found: [object Object]: Error: Tree element not found: [object Object]
    at s.getElementLocation (file:///usr/share/code/resources/app/out/vs/workbench/workbench.desktop.main.js:124:791)
    at s.isCollapsed (file:///usr/share/code/resources/app/out/vs/workbench/workbench.desktop.main.js:124:65)
    at q.isCollapsed (file:///usr/share/code/resources/app/out/vs/workbench/workbench.desktop.main.js:1009:19)
    at W.revealMarkersForCurrentActiveEditor (file:///usr/share/code/resources/app/out/vs/workbench/workbench.desktop.main.js:5714:628)
    at W.autoReveal (file:///usr/share/code/resources/app/out/vs/workbench/workbench.desktop.main.js:5714:485)
    at W.onActiveEditorChanged (file:///usr/share/code/resources/app/out/vs/workbench/workbench.desktop.main.js:5711:775)
    at W._register.e (file:///usr/share/code/resources/app/out/vs/workbench/workbench.desktop.main.js:5710:789)
    at d.fire (file:///usr/share/code/resources/app/out/vs/workbench/workbench.desktop.main.js:107:488)
    at setTimeout (file:///usr/share/code/resources/app/out/vs/workbench/workbench.desktop.main.js:103:913)
[2019-10-18 17:45:28.850] [renderer1] [error] Tree element not found: [object Object]: Error: Tree element not found: [object Object]
    at s.getElementLocation (file:///usr/share/code/resources/app/out/vs/workbench/workbench.desktop.main.js:124:791)
    at s.isCollapsed (file:///usr/share/code/resources/app/out/vs/workbench/workbench.desktop.main.js:124:65)
    at q.isCollapsed (file:///usr/share/code/resources/app/out/vs/workbench/workbench.desktop.main.js:1009:19)
    at W.revealMarkersForCurrentActiveEditor (file:///usr/share/code/resources/app/out/vs/workbench/workbench.desktop.main.js:5714:628)
    at W.autoReveal (file:///usr/share/code/resources/app/out/vs/workbench/workbench.desktop.main.js:5714:485)
    at W.onActiveEditorChanged (file:///usr/share/code/resources/app/out/vs/workbench/workbench.desktop.main.js:5711:775)
    at W._register.e (file:///usr/share/code/resources/app/out/vs/workbench/workbench.desktop.main.js:5710:789)
    at d.fire (file:///usr/share/code/resources/app/out/vs/workbench/workbench.desktop.main.js:107:488)
    at setTimeout (file:///usr/share/code/resources/app/out/vs/workbench/workbench.desktop.main.js:103:913)
[2019-10-18 17:45:59.456] [renderer1] [error] Illegal value for lineNumber: Error: Illegal value for lineNumber
    at P.getLineContent (file:///usr/share/code/resources/app/out/vs/workbench/workbench.desktop.main.js:1276:217)
    at e.update (file:///usr/share/code/resources/app/out/vs/workbench/workbench.desktop.main.js:1496:869)
    at u.<anonymous> (file:///usr/share/code/resources/app/out/vs/workbench/workbench.desktop.main.js:2250:361)
    at Generator.next (<anonymous>)
    at r (file:///usr/share/code/resources/app/out/vs/workbench/workbench.desktop.main.js:35:399)
    at process._tickCallback (internal/process/next_tick.js:68:7)
