[2019-10-17 10:50:12.274] [exthost] [info] extension host started
[2019-10-17 10:50:12.288] [exthost] [info] ExtensionService#_doActivateExtension vscode.debug-auto-launch {"startup":true,"activationEvent":"*"}
[2019-10-17 10:50:12.288] [exthost] [info] ExtensionService#loadCommonJSModule file:///usr/share/code/resources/app/extensions/debug-auto-launch/dist/extension
[2019-10-17 10:50:12.292] [exthost] [info] ExtensionService#_doActivateExtension vscode.emmet {"startup":true,"activationEvent":"*"}
[2019-10-17 10:50:12.292] [exthost] [info] ExtensionService#loadCommonJSModule file:///usr/share/code/resources/app/extensions/emmet/dist/extension
[2019-10-17 10:50:12.330] [exthost] [info] ExtensionService#_doActivateExtension vscode.git {"startup":true,"activationEvent":"*"}
[2019-10-17 10:50:12.330] [exthost] [info] ExtensionService#loadCommonJSModule file:///usr/share/code/resources/app/extensions/git/dist/main
[2019-10-17 10:50:12.408] [exthost] [info] ExtensionService#_doActivateExtension vscode.merge-conflict {"startup":true,"activationEvent":"*"}
[2019-10-17 10:50:12.409] [exthost] [info] ExtensionService#loadCommonJSModule file:///usr/share/code/resources/app/extensions/merge-conflict/dist/extension
[2019-10-17 10:50:12.414] [exthost] [info] eager extensions activated
[2019-10-17 10:50:23.296] [exthost] [info] extension host started
[2019-10-17 10:50:23.304] [exthost] [info] ExtensionService#_doActivateExtension vscode.debug-auto-launch {"startup":true,"activationEvent":"*"}
[2019-10-17 10:50:23.304] [exthost] [info] ExtensionService#loadCommonJSModule file:///usr/share/code/resources/app/extensions/debug-auto-launch/dist/extension
[2019-10-17 10:50:23.307] [exthost] [info] ExtensionService#_doActivateExtension vscode.emmet {"startup":true,"activationEvent":"*"}
[2019-10-17 10:50:23.307] [exthost] [info] ExtensionService#loadCommonJSModule file:///usr/share/code/resources/app/extensions/emmet/dist/extension
[2019-10-17 10:50:23.351] [exthost] [info] ExtensionService#_doActivateExtension vscode.git {"startup":true,"activationEvent":"*"}
[2019-10-17 10:50:23.351] [exthost] [info] ExtensionService#loadCommonJSModule file:///usr/share/code/resources/app/extensions/git/dist/main
[2019-10-17 10:50:23.436] [exthost] [info] ExtensionService#_doActivateExtension vscode.merge-conflict {"startup":true,"activationEvent":"*"}
[2019-10-17 10:50:23.436] [exthost] [info] ExtensionService#loadCommonJSModule file:///usr/share/code/resources/app/extensions/merge-conflict/dist/extension
[2019-10-17 10:50:23.441] [exthost] [info] ExtensionService#_doActivateExtension vscode.npm {"startup":true,"activationEvent":"workspaceContains:package.json"}
[2019-10-17 10:50:23.442] [exthost] [info] ExtensionService#loadCommonJSModule file:///usr/share/code/resources/app/extensions/npm/dist/main
[2019-10-17 10:50:23.479] [exthost] [info] eager extensions activated
[2019-10-17 10:50:40.665] [exthost] [info] ExtensionService#_doActivateExtension vscode.typescript-language-features {"startup":false,"activationEvent":"onLanguage:javascript"}
[2019-10-17 10:50:40.665] [exthost] [info] ExtensionService#loadCommonJSModule file:///usr/share/code/resources/app/extensions/typescript-language-features/dist/extension
[2019-10-17 10:51:24.996] [exthost] [info] ExtensionService#_doActivateExtension vscode.extension-editing {"startup":false,"activationEvent":"onLanguage:typescript"}
[2019-10-17 10:51:24.997] [exthost] [info] ExtensionService#loadCommonJSModule file:///usr/share/code/resources/app/extensions/extension-editing/dist/extension
[2019-10-17 10:58:12.269] [exthost] [error] [vscode.typescript-language-features] provider FAILED
[2019-10-17 10:58:12.278] [exthost] [error] Error: DisposableStore is missing...
	at R._convertCompletionItem (/usr/share/code/resources/app/out/vs/workbench/services/extensions/node/extensionHostProcess.js:559:660)
	at define.resolveCompletionItem.o.asPromise.then.e (/usr/share/code/resources/app/out/vs/workbench/services/extensions/node/extensionHostProcess.js:559:290)
[2019-10-17 10:58:50.632] [exthost] [error] [vscode.typescript-language-features] provider FAILED
[2019-10-17 10:58:50.632] [exthost] [error] Error: DisposableStore is missing...
	at R._convertCompletionItem (/usr/share/code/resources/app/out/vs/workbench/services/extensions/node/extensionHostProcess.js:559:660)
	at define.resolveCompletionItem.o.asPromise.then.e (/usr/share/code/resources/app/out/vs/workbench/services/extensions/node/extensionHostProcess.js:559:290)
[2019-10-17 12:25:42.626] [exthost] [error] [vscode.typescript-language-features] provider FAILED
[2019-10-17 12:25:42.633] [exthost] [error] Error: <semantic> TypeScript Server Error (3.6.2)
Debug Failure.
Error: Debug Failure.
    at Object.assertDefined (tsserver.js:2101:24)
    at getRangeToExtract (tsserver.js:122796:43)
    at Object.getAvailableActions (tsserver.js:122760:28)
    at tsserver.js:115823:128
    at getIterator (tsserver.js:637:23)
    at Object.next (tsserver.js:632:35)
    at Object.arrayFrom (tsserver.js:1276:88)
    at Object.getApplicableRefactors (tsserver.js:115822:23)
    at Object.getApplicableRefactors (tsserver.js:126023:32)
    at IOSession.Session.getApplicableRefactors (tsserver.js:134935:53)
    at Session.handlers.ts.createMapFromTemplate._a.(anonymous function) (tsserver.js:133790:61)
    at tsserver.js:135178:88
    at IOSession.Session.executeWithRequestId (tsserver.js:135169:28)
    at IOSession.Session.executeCommand (tsserver.js:135178:33)
    at IOSession.Session.onMessage (tsserver.js:135201:35)
    at Interface.<anonymous> (tsserver.js:136516:27)
    at Interface.emit (events.js:182:13)
    at Interface._onLine (readline.js:290:10)
    at Interface._normalWrite (readline.js:433:12)
    at Socket.ondata (readline.js:149:10)
    at Socket.emit (events.js:182:13)
    at addChunk (_stream_readable.js:283:12)
    at readableAddChunk (_stream_readable.js:264:11)
    at Socket.Readable.push (_stream_readable.js:219:10)
    at Pipe.onStreamRead [as onread] (internal/stream_base_commons.js:94:17)
	at Function.create (/usr/share/code/resources/app/extensions/typescript-language-features/dist/extension.js:53:63463)
	at h.dispatchResponse (/usr/share/code/resources/app/extensions/typescript-language-features/dist/extension.js:53:56618)
	at h.dispatchMessage (/usr/share/code/resources/app/extensions/typescript-language-features/dist/extension.js:53:55516)
	at constructor._reader.onData.e (/usr/share/code/resources/app/extensions/typescript-language-features/dist/extension.js:53:54992)
	at u.fire (/usr/share/code/resources/app/out/vs/workbench/services/extensions/node/extensionHostProcess.js:50:207)
	at t.Reader.onLengthData (/usr/share/code/resources/app/extensions/typescript-language-features/dist/extension.js:53:61683)
	at Socket.t.Reader.constructor.e.on.e (/usr/share/code/resources/app/extensions/typescript-language-features/dist/extension.js:53:61331)
	at Socket.emit (events.js:182:13)
	at addChunk (_stream_readable.js:283:12)
	at readableAddChunk (_stream_readable.js:264:11)
	at Socket.Readable.push (_stream_readable.js:219:10)
	at Pipe.onStreamRead [as onread] (internal/stream_base_commons.js:94:17)
[2019-10-17 12:26:05.101] [exthost] [error] [vscode.typescript-language-features] provider FAILED
[2019-10-17 12:26:05.101] [exthost] [error] Error: <semantic> TypeScript Server Error (3.6.2)
Debug Failure.
Error: Debug Failure.
    at Object.assertDefined (tsserver.js:2101:24)
    at getRangeToExtract (tsserver.js:122796:43)
    at Object.getAvailableActions (tsserver.js:122760:28)
    at tsserver.js:115823:128
    at getIterator (tsserver.js:637:23)
    at Object.next (tsserver.js:632:35)
    at Object.arrayFrom (tsserver.js:1276:88)
    at Object.getApplicableRefactors (tsserver.js:115822:23)
    at Object.getApplicableRefactors (tsserver.js:126023:32)
    at IOSession.Session.getApplicableRefactors (tsserver.js:134935:53)
    at Session.handlers.ts.createMapFromTemplate._a.(anonymous function) (tsserver.js:133790:61)
    at tsserver.js:135178:88
    at IOSession.Session.executeWithRequestId (tsserver.js:135169:28)
    at IOSession.Session.executeCommand (tsserver.js:135178:33)
    at IOSession.Session.onMessage (tsserver.js:135201:35)
    at Interface.<anonymous> (tsserver.js:136516:27)
    at Interface.emit (events.js:182:13)
    at Interface._onLine (readline.js:290:10)
    at Interface._normalWrite (readline.js:433:12)
    at Socket.ondata (readline.js:149:10)
    at Socket.emit (events.js:182:13)
    at addChunk (_stream_readable.js:283:12)
    at readableAddChunk (_stream_readable.js:264:11)
    at Socket.Readable.push (_stream_readable.js:219:10)
    at Pipe.onStreamRead [as onread] (internal/stream_base_commons.js:94:17)
	at Function.create (/usr/share/code/resources/app/extensions/typescript-language-features/dist/extension.js:53:63463)
	at h.dispatchResponse (/usr/share/code/resources/app/extensions/typescript-language-features/dist/extension.js:53:56618)
	at h.dispatchMessage (/usr/share/code/resources/app/extensions/typescript-language-features/dist/extension.js:53:55516)
	at constructor._reader.onData.e (/usr/share/code/resources/app/extensions/typescript-language-features/dist/extension.js:53:54992)
	at u.fire (/usr/share/code/resources/app/out/vs/workbench/services/extensions/node/extensionHostProcess.js:50:207)
	at t.Reader.onLengthData (/usr/share/code/resources/app/extensions/typescript-language-features/dist/extension.js:53:61683)
	at Socket.t.Reader.constructor.e.on.e (/usr/share/code/resources/app/extensions/typescript-language-features/dist/extension.js:53:61331)
	at Socket.emit (events.js:182:13)
	at addChunk (_stream_readable.js:283:12)
	at readableAddChunk (_stream_readable.js:264:11)
	at Socket.Readable.push (_stream_readable.js:219:10)
	at Pipe.onStreamRead [as onread] (internal/stream_base_commons.js:94:17)
[2019-10-17 14:41:36.827] [exthost] [error] [vscode.typescript-language-features] provider FAILED
[2019-10-17 14:41:36.830] [exthost] [error] Error: DisposableStore is missing...
	at R._convertCompletionItem (/usr/share/code/resources/app/out/vs/workbench/services/extensions/node/extensionHostProcess.js:559:660)
	at define.resolveCompletionItem.o.asPromise.then.e (/usr/share/code/resources/app/out/vs/workbench/services/extensions/node/extensionHostProcess.js:559:290)
[2019-10-17 14:46:40.849] [exthost] [error] [vscode.typescript-language-features] provider FAILED
[2019-10-17 14:46:40.849] [exthost] [error] Error: DisposableStore is missing...
	at R._convertCompletionItem (/usr/share/code/resources/app/out/vs/workbench/services/extensions/node/extensionHostProcess.js:559:660)
	at define.resolveCompletionItem.o.asPromise.then.e (/usr/share/code/resources/app/out/vs/workbench/services/extensions/node/extensionHostProcess.js:559:290)
[2019-10-17 17:08:15.920] [exthost] [error] [vscode.typescript-language-features] provider FAILED
[2019-10-17 17:08:15.921] [exthost] [error] Error: <semantic> TypeScript Server Error (3.6.2)
Debug Failure.
Error: Debug Failure.
    at Object.assertDefined (tsserver.js:2101:24)
    at getRangeToExtract (tsserver.js:122796:43)
    at Object.getAvailableActions (tsserver.js:122760:28)
    at tsserver.js:115823:128
    at getIterator (tsserver.js:637:23)
    at Object.next (tsserver.js:632:35)
    at Object.arrayFrom (tsserver.js:1276:88)
    at Object.getApplicableRefactors (tsserver.js:115822:23)
    at Object.getApplicableRefactors (tsserver.js:126023:32)
    at IOSession.Session.getApplicableRefactors (tsserver.js:134935:53)
    at Session.handlers.ts.createMapFromTemplate._a.(anonymous function) (tsserver.js:133790:61)
    at tsserver.js:135178:88
    at IOSession.Session.executeWithRequestId (tsserver.js:135169:28)
    at IOSession.Session.executeCommand (tsserver.js:135178:33)
    at IOSession.Session.onMessage (tsserver.js:135201:35)
    at Interface.<anonymous> (tsserver.js:136516:27)
    at Interface.emit (events.js:182:13)
    at Interface._onLine (readline.js:290:10)
    at Interface._normalWrite (readline.js:433:12)
    at Socket.ondata (readline.js:149:10)
    at Socket.emit (events.js:182:13)
    at addChunk (_stream_readable.js:283:12)
    at readableAddChunk (_stream_readable.js:264:11)
    at Socket.Readable.push (_stream_readable.js:219:10)
    at Pipe.onStreamRead [as onread] (internal/stream_base_commons.js:94:17)
	at Function.create (/usr/share/code/resources/app/extensions/typescript-language-features/dist/extension.js:53:63463)
	at h.dispatchResponse (/usr/share/code/resources/app/extensions/typescript-language-features/dist/extension.js:53:56618)
	at h.dispatchMessage (/usr/share/code/resources/app/extensions/typescript-language-features/dist/extension.js:53:55516)
	at constructor._reader.onData.e (/usr/share/code/resources/app/extensions/typescript-language-features/dist/extension.js:53:54992)
	at u.fire (/usr/share/code/resources/app/out/vs/workbench/services/extensions/node/extensionHostProcess.js:50:207)
	at t.Reader.onLengthData (/usr/share/code/resources/app/extensions/typescript-language-features/dist/extension.js:53:61683)
	at Socket.t.Reader.constructor.e.on.e (/usr/share/code/resources/app/extensions/typescript-language-features/dist/extension.js:53:61331)
	at Socket.emit (events.js:182:13)
	at addChunk (_stream_readable.js:283:12)
	at readableAddChunk (_stream_readable.js:264:11)
	at Socket.Readable.push (_stream_readable.js:219:10)
	at Pipe.onStreamRead [as onread] (internal/stream_base_commons.js:94:17)
[2019-10-17 18:38:52.047] [exthost] [error] [vscode.typescript-language-features] provider FAILED
[2019-10-17 18:38:52.048] [exthost] [error] Error: DisposableStore is missing...
	at R._convertCompletionItem (/usr/share/code/resources/app/out/vs/workbench/services/extensions/node/extensionHostProcess.js:559:660)
	at define.resolveCompletionItem.o.asPromise.then.e (/usr/share/code/resources/app/out/vs/workbench/services/extensions/node/extensionHostProcess.js:559:290)
[2019-10-17 18:38:58.301] [exthost] [error] [vscode.typescript-language-features] provider FAILED
[2019-10-17 18:38:58.301] [exthost] [error] Error: DisposableStore is missing...
	at R._convertCompletionItem (/usr/share/code/resources/app/out/vs/workbench/services/extensions/node/extensionHostProcess.js:559:660)
	at define.resolveCompletionItem.o.asPromise.then.e (/usr/share/code/resources/app/out/vs/workbench/services/extensions/node/extensionHostProcess.js:559:290)
[2019-10-17 18:40:19.710] [exthost] [error] [vscode.typescript-language-features] provider FAILED
[2019-10-17 18:40:19.710] [exthost] [error] Error: DisposableStore is missing...
	at R._convertCompletionItem (/usr/share/code/resources/app/out/vs/workbench/services/extensions/node/extensionHostProcess.js:559:660)
	at define.resolveCompletionItem.o.asPromise.then.e (/usr/share/code/resources/app/out/vs/workbench/services/extensions/node/extensionHostProcess.js:559:290)
[2019-10-17 18:52:47.701] [exthost] [error] [vscode.typescript-language-features] provider FAILED
[2019-10-17 18:52:47.704] [exthost] [error] Error: DisposableStore is missing...
	at R._convertCompletionItem (/usr/share/code/resources/app/out/vs/workbench/services/extensions/node/extensionHostProcess.js:559:660)
	at define.resolveCompletionItem.o.asPromise.then.e (/usr/share/code/resources/app/out/vs/workbench/services/extensions/node/extensionHostProcess.js:559:290)
[2019-10-17 18:52:50.476] [exthost] [error] [vscode.typescript-language-features] provider FAILED
[2019-10-17 18:52:50.477] [exthost] [error] Error: DisposableStore is missing...
	at R._convertCompletionItem (/usr/share/code/resources/app/out/vs/workbench/services/extensions/node/extensionHostProcess.js:559:660)
	at define.resolveCompletionItem.o.asPromise.then.e (/usr/share/code/resources/app/out/vs/workbench/services/extensions/node/extensionHostProcess.js:559:290)
[2019-10-17 18:53:10.337] [exthost] [error] [vscode.typescript-language-features] provider FAILED
[2019-10-17 18:53:10.337] [exthost] [error] Error: DisposableStore is missing...
	at R._convertCompletionItem (/usr/share/code/resources/app/out/vs/workbench/services/extensions/node/extensionHostProcess.js:559:660)
	at define.resolveCompletionItem.o.asPromise.then.e (/usr/share/code/resources/app/out/vs/workbench/services/extensions/node/extensionHostProcess.js:559:290)
[2019-10-17 19:13:58.649] [exthost] [error] [vscode.typescript-language-features] provider FAILED
[2019-10-17 19:13:58.652] [exthost] [error] Error: DisposableStore is missing...
	at R._convertCompletionItem (/usr/share/code/resources/app/out/vs/workbench/services/extensions/node/extensionHostProcess.js:559:660)
	at define.resolveCompletionItem.o.asPromise.then.e (/usr/share/code/resources/app/out/vs/workbench/services/extensions/node/extensionHostProcess.js:559:290)
[2019-10-17 19:52:44.053] [exthost] [error] [vscode.typescript-language-features] provider FAILED
[2019-10-17 19:52:44.055] [exthost] [error] Error: DisposableStore is missing...
	at R._convertCompletionItem (/usr/share/code/resources/app/out/vs/workbench/services/extensions/node/extensionHostProcess.js:559:660)
	at define.resolveCompletionItem.o.asPromise.then.e (/usr/share/code/resources/app/out/vs/workbench/services/extensions/node/extensionHostProcess.js:559:290)
[2019-10-17 20:04:56.820] [exthost] [error] [vscode.typescript-language-features] provider FAILED
[2019-10-17 20:04:56.821] [exthost] [error] Error: DisposableStore is missing...
	at R._convertCompletionItem (/usr/share/code/resources/app/out/vs/workbench/services/extensions/node/extensionHostProcess.js:559:660)
	at define.resolveCompletionItem.o.asPromise.then.e (/usr/share/code/resources/app/out/vs/workbench/services/extensions/node/extensionHostProcess.js:559:290)
[2019-10-17 20:05:16.387] [exthost] [error] [vscode.typescript-language-features] provider FAILED
[2019-10-17 20:05:16.387] [exthost] [error] Error: DisposableStore is missing...
	at R._convertCompletionItem (/usr/share/code/resources/app/out/vs/workbench/services/extensions/node/extensionHostProcess.js:559:660)
	at define.resolveCompletionItem.o.asPromise.then.e (/usr/share/code/resources/app/out/vs/workbench/services/extensions/node/extensionHostProcess.js:559:290)
[2019-10-17 20:05:21.991] [exthost] [error] [vscode.typescript-language-features] provider FAILED
[2019-10-17 20:05:21.992] [exthost] [error] Error: DisposableStore is missing...
	at R._convertCompletionItem (/usr/share/code/resources/app/out/vs/workbench/services/extensions/node/extensionHostProcess.js:559:660)
	at define.resolveCompletionItem.o.asPromise.then.e (/usr/share/code/resources/app/out/vs/workbench/services/extensions/node/extensionHostProcess.js:559:290)
[2019-10-17 20:06:13.244] [exthost] [error] [vscode.typescript-language-features] provider FAILED
[2019-10-17 20:06:13.246] [exthost] [error] Error: DisposableStore is missing...
	at R._convertCompletionItem (/usr/share/code/resources/app/out/vs/workbench/services/extensions/node/extensionHostProcess.js:559:660)
	at define.resolveCompletionItem.o.asPromise.then.e (/usr/share/code/resources/app/out/vs/workbench/services/extensions/node/extensionHostProcess.js:559:290)
[2019-10-18 10:23:38.762] [exthost] [info] ExtensionService#_doActivateExtension vscode.html-language-features {"startup":false,"activationEvent":"onLanguage:html"}
[2019-10-18 10:23:38.762] [exthost] [info] ExtensionService#loadCommonJSModule file:///usr/share/code/resources/app/extensions/html-language-features/client/dist/htmlMain
[2019-10-18 12:20:58.005] [exthost] [error] [vscode.typescript-language-features] provider FAILED
[2019-10-18 12:20:58.006] [exthost] [error] Error: DisposableStore is missing...
	at R._convertCompletionItem (/usr/share/code/resources/app/out/vs/workbench/services/extensions/node/extensionHostProcess.js:559:660)
	at define.resolveCompletionItem.o.asPromise.then.e (/usr/share/code/resources/app/out/vs/workbench/services/extensions/node/extensionHostProcess.js:559:290)
[2019-10-18 14:34:39.587] [exthost] [error] [vscode.typescript-language-features] provider FAILED
[2019-10-18 14:34:39.588] [exthost] [error] Error: <semantic> TypeScript Server Error (3.6.2)
Debug Failure.
Error: Debug Failure.
    at Object.assertDefined (tsserver.js:2101:24)
    at getRangeToExtract (tsserver.js:122796:43)
    at Object.getAvailableActions (tsserver.js:122760:28)
    at tsserver.js:115823:128
    at getIterator (tsserver.js:637:23)
    at Object.next (tsserver.js:632:35)
    at Object.arrayFrom (tsserver.js:1276:88)
    at Object.getApplicableRefactors (tsserver.js:115822:23)
    at Object.getApplicableRefactors (tsserver.js:126023:32)
    at IOSession.Session.getApplicableRefactors (tsserver.js:134935:53)
    at Session.handlers.ts.createMapFromTemplate._a.(anonymous function) (tsserver.js:133790:61)
    at tsserver.js:135178:88
    at IOSession.Session.executeWithRequestId (tsserver.js:135169:28)
    at IOSession.Session.executeCommand (tsserver.js:135178:33)
    at IOSession.Session.onMessage (tsserver.js:135201:35)
    at Interface.<anonymous> (tsserver.js:136516:27)
    at Interface.emit (events.js:182:13)
    at Interface._onLine (readline.js:290:10)
    at Interface._normalWrite (readline.js:433:12)
    at Socket.ondata (readline.js:149:10)
    at Socket.emit (events.js:182:13)
    at addChunk (_stream_readable.js:283:12)
    at readableAddChunk (_stream_readable.js:264:11)
    at Socket.Readable.push (_stream_readable.js:219:10)
    at Pipe.onStreamRead [as onread] (internal/stream_base_commons.js:94:17)
	at Function.create (/usr/share/code/resources/app/extensions/typescript-language-features/dist/extension.js:53:63463)
	at h.dispatchResponse (/usr/share/code/resources/app/extensions/typescript-language-features/dist/extension.js:53:56618)
	at h.dispatchMessage (/usr/share/code/resources/app/extensions/typescript-language-features/dist/extension.js:53:55516)
	at constructor._reader.onData.e (/usr/share/code/resources/app/extensions/typescript-language-features/dist/extension.js:53:54992)
	at u.fire (/usr/share/code/resources/app/out/vs/workbench/services/extensions/node/extensionHostProcess.js:50:207)
	at t.Reader.onLengthData (/usr/share/code/resources/app/extensions/typescript-language-features/dist/extension.js:53:61683)
	at Socket.t.Reader.constructor.e.on.e (/usr/share/code/resources/app/extensions/typescript-language-features/dist/extension.js:53:61331)
	at Socket.emit (events.js:182:13)
	at addChunk (_stream_readable.js:283:12)
	at readableAddChunk (_stream_readable.js:264:11)
	at Socket.Readable.push (_stream_readable.js:219:10)
	at Pipe.onStreamRead [as onread] (internal/stream_base_commons.js:94:17)
[2019-10-18 17:51:01.733] [exthost] [error] [vscode.typescript-language-features] provider FAILED
[2019-10-18 17:51:01.734] [exthost] [error] Error: DisposableStore is missing...
	at R._convertCompletionItem (/usr/share/code/resources/app/out/vs/workbench/services/extensions/node/extensionHostProcess.js:559:660)
	at define.resolveCompletionItem.o.asPromise.then.e (/usr/share/code/resources/app/out/vs/workbench/services/extensions/node/extensionHostProcess.js:559:290)
